<?xml version="1.0" encoding="UTF-8"?>
<testsuite xmlns:xsi="http://www.w3.org/2001/XMLSchema-instance" xsi:noNamespaceSchemaLocation="https://maven.apache.org/surefire/maven-surefire-plugin/xsd/surefire-test-report.xsd" name="edu.brown.cs.TextToCommandsTest" time="0.008" tests="3" errors="0" skipped="0" failures="0">
  <properties>
[...]
</properties>
  <testcase name="testCommandMatching" classname="edu.brown.cs.TextToCommandsTest" time="0"/>
  <testcase name="testFormatting" classname="edu.brown.cs.TextToCommandsTest" time="0.002"/>
  <testcase name="testSentence" classname="edu.brown.cs.TextToCommandsTest" time="0.005"/>
</testsuite>